  Generating version.h
  HP_variable_cutoff.c
  LPC_analysis_filter.c
  LPC_fit.c
  LPC_inv_pred_gain.c
  LP_variable_cutoff.c
  NLSF2A.c
  NLSF_VQ.c
  NLSF_VQ_weights_laroia.c
  NLSF_decode.c
  NLSF_del_dec_quant.c
  NLSF_encode.c
  NLSF_stabilize.c
  NLSF_unpack.c
  NSQ.c
  NSQ_del_dec.c
  PLC.c
  VAD.c
  VQ_WMat_EC.c
  dec_API.c
  decode_indices.c
  正在生成代码...
  正在编译...
  decode_parameters.c
  decode_pitch.c
  decode_pulses.c
  enc_API.c
  encode_indices.c
  encode_pulses.c
  LPC_analysis_filter_FLP.c
  LPC_inv_pred_gain_FLP.c
  LTP_analysis_filter_FLP.c
  LTP_scale_ctrl_FLP.c
  apply_sine_window_FLP.c
  autocorrelation_FLP.c
  burg_modified_FLP.c
  bwexpander_FLP.c
  corrMatrix_FLP.c
  encode_frame_FLP.c
  energy_FLP.c
  find_LPC_FLP.c
  find_LTP_FLP.c
  find_pitch_lags_FLP.c
  正在生成代码...
  正在编译...
  find_pred_coefs_FLP.c
  inner_product_FLP.c
  k2a_FLP.c
  noise_shape_analysis_FLP.c
  pitch_analysis_core_FLP.c
  process_gains_FLP.c
  regularize_correlations_FLP.c
  residual_energy_FLP.c
  scale_copy_vector_FLP.c
  scale_vector_FLP.c
  schur_FLP.c
  sort_FLP.c
  warped_autocorrelation_FLP.c
  wrappers_FLP.c
  gain_quant.c
  init_decoder.c
  init_encoder.c
  inner_prod_aligned.c
  interpolate.c
  lin2log.c
  正在生成代码...
  正在编译...
  log2lin.c
  pitch_est_tables.c
